<?xml version="1.0" encoding="UTF-8"?>
<testng-results ignored="0" total="2" passed="2" failed="0" skipped="0">
  <reporter-output>
  </reporter-output>
  <suite started-at="2018-05-30T10:22:07Z" name="Surefire suite" finished-at="2018-05-30T10:22:07Z" duration-ms="24">
    <groups>
    </groups>
    <test started-at="2018-05-30T10:22:07Z" name="Surefire test" finished-at="2018-05-30T10:22:07Z" duration-ms="24">
      <class name="zu.testselenium.MyTestNGTests">
        <test-method signature="Test1()[pri:0, instance:zu.testselenium.MyTestNGTests@6fe7aac8]" started-at="2018-05-30T10:22:07Z" name="Test1" finished-at="2018-05-30T10:22:07Z" duration-ms="6" status="PASS">
          <reporter-output>
          </reporter-output>
        </test-method> <!-- Test1 -->
        <test-method signature="Test2()[pri:0, instance:zu.testselenium.MyTestNGTests@6fe7aac8]" started-at="2018-05-30T10:22:07Z" name="Test2" finished-at="2018-05-30T10:22:07Z" duration-ms="0" status="PASS">
          <reporter-output>
          </reporter-output>
        </test-method> <!-- Test2 -->
      </class> <!-- zu.testselenium.MyTestNGTests -->
    </test> <!-- Surefire test -->
  </suite> <!-- Surefire suite -->
</testng-results>
